/*C8*/SET SCHEMA PUBLIC
DISCONNECT
/*C9*/SET SCHEMA PUBLIC
\u000d\u000a    drop table if exists TGroup CASCADE 
\u000d\u000a    drop table if exists TPerson CASCADE 
DISCONNECT
/*C10*/SET SCHEMA PUBLIC
\u000d\u000a    create table TGroup (\u000d\u000a       id bigint generated by default as identity (start with 1),\u000d\u000a        name_group varchar(200) not null,\u000d\u000a        primary key (id)\u000d\u000a    )
\u000d\u000a    create table TPerson (\u000d\u000a       id bigint generated by default as identity (start with 1),\u000d\u000a        birth_day date,\u000d\u000a        email_address varchar(200) not null,\u000d\u000a        first_name varchar(200) not null,\u000d\u000a        last_name varchar(200) not null,\u000d\u000a        password varchar(21) not null,\u000d\u000a        version bigint not null,\u000d\u000a        website varchar(200) not null,\u000d\u000a        userGroup_id bigint,\u000d\u000a        primary key (id)\u000d\u000a    )
\u000d\u000a    alter table TPerson \u000d\u000a       add constraint FKaxqfnsaq8s73bhn6du216f6d7 \u000d\u000a       foreign key (userGroup_id) \u000d\u000a       references TGroup
DISCONNECT
/*C11*/SET SCHEMA PUBLIC
DISCONNECT
/*C12*/SET SCHEMA PUBLIC
DISCONNECT
/*C13*/SET SCHEMA PUBLIC
DISCONNECT
/*C14*/SET SCHEMA PUBLIC
DISCONNECT
/*C15*/SET SCHEMA PUBLIC
DISCONNECT
/*C16*/SET SCHEMA PUBLIC
DISCONNECT
/*C17*/SET SCHEMA PUBLIC
DISCONNECT
/*C18*/SET SCHEMA PUBLIC
DISCONNECT
/*C19*/SET SCHEMA PUBLIC
DISCONNECT
/*C20*/SET SCHEMA PUBLIC
DISCONNECT
/*C21*/SET SCHEMA PUBLIC
\u000d\u000a    drop table if exists TGroup CASCADE 
\u000d\u000a    drop table if exists TPerson CASCADE 
DISCONNECT
